<?xml version="1.0" encoding="UTF-8"?>
<!-- Generated by org.testng.reporters.JUnitReportReporter -->
<testsuite skipped="0" hostname="hi-PC" name="test.rest.Wiremock.Apitest" tests="5" failures="0" timestamp="08 Mar 2019 08:36:23 GMT" time="1.295" errors="0">
  <testcase name="testStatusCodeNegative" time="1.092" classname="test.rest.Wiremock.Apitest"/>
  <testcase name="testStatusCodesecond" time="0.020" classname="test.rest.Wiremock.Apitest"/>
  <testcase name="test" time="0.148" classname="test.rest.Wiremock.Apitest"/>
  <testcase name="testStatusCodePositive" time="0.029" classname="test.rest.Wiremock.Apitest"/>
  <testcase name="test1" time="0.006" classname="test.rest.Wiremock.Apitest"/>
</testsuite> <!-- test.rest.Wiremock.Apitest -->
